-----------------------------------------------------
                Time	| Address	| Read/Write| data		|
-----------------------------------------------------
                 101	| 0000022b	| WRITE		| 00002710	| 
                 181	| 00000004	| WRITE		| 00007530	| 
                 261	| 00000001	| WRITE		| 00000000	| 
                 341	| 00000002	| WRITE		| 00004e20	| 
                 421	| 00000003	| WRITE		| 0000000a	| 
                 461	| 00000001	| WRITE		| 00000001	| 
                 581	| 00000002	| WRITE		| 00004e16	| 
                 701	| 00000001	| WRITE		| 00000002	| 
                 821	| 00000002	| WRITE		| 00004e0c	| 
                 941	| 00000001	| WRITE		| 00000003	| 
                1061	| 00000002	| WRITE		| 00004e02	| 
                1181	| 00000001	| WRITE		| 00000004	| 
                1301	| 00000002	| WRITE		| 00004df8	| 
                1421	| 00000001	| WRITE		| 00000005	| 
                1541	| 00000002	| WRITE		| 00004dee	| 
                1661	| 00000001	| WRITE		| 00000006	| 
                1781	| 00000002	| WRITE		| 00004de4	| 
                1901	| 00000001	| WRITE		| 00000007	| 
                2021	| 00000002	| WRITE		| 00004dda	| 
                2141	| 00000001	| WRITE		| 00000008	| 
                2261	| 00000002	| WRITE		| 00004dd0	| 
                2381	| 00000001	| WRITE		| 00000009	| 
                2501	| 00000002	| WRITE		| 00004dc6	| 
                2621	| 00000001	| WRITE		| 0000000a	| 
                2741	| 00000002	| WRITE		| 00004dbc	| 
                2861	| 00000001	| WRITE		| 0000000b	| 
                2981	| 00000002	| WRITE		| 00004db2	| 
                3101	| 00000001	| WRITE		| 0000000c	| 
                3221	| 00000002	| WRITE		| 00004da8	| 
                3341	| 00000001	| WRITE		| 0000000d	| 
                3461	| 00000002	| WRITE		| 00004d9e	| 
                3581	| 00000001	| WRITE		| 0000000e	| 
                3701	| 00000002	| WRITE		| 00004d94	| 
                3821	| 00000001	| WRITE		| 0000000f	| 
                3941	| 00000002	| WRITE		| 00004d8a	| 
                4061	| 00000001	| WRITE		| 00000010	| 
                4181	| 00000002	| WRITE		| 00004d80	| 
                4301	| 00000001	| WRITE		| 00000011	| 
                4421	| 00000002	| WRITE		| 00004d76	| 
                4541	| 00000001	| WRITE		| 00000012	| 
                4661	| 00000002	| WRITE		| 00004d6c	| 
                4781	| 00000001	| WRITE		| 00000013	| 
                4901	| 00000002	| WRITE		| 00004d62	| 
                5021	| 00000001	| WRITE		| 00000014	| 
                5141	| 00000002	| WRITE		| 00004d58	| 
                5261	| 00000001	| WRITE		| 00000015	| 
                5381	| 00000002	| WRITE		| 00004d4e	| 
                5501	| 00000001	| WRITE		| 00000016	| 
                5621	| 00000002	| WRITE		| 00004d44	| 
                5741	| 00000001	| WRITE		| 00000017	| 
                5861	| 00000002	| WRITE		| 00004d3a	| 
                5981	| 00000001	| WRITE		| 00000018	| 
                6101	| 00000002	| WRITE		| 00004d30	| 
                6221	| 00000001	| WRITE		| 00000019	| 
                6341	| 00000002	| WRITE		| 00004d26	| 
                6461	| 00000001	| WRITE		| 0000001a	| 
                6581	| 00000002	| WRITE		| 00004d1c	| 
                6701	| 00000001	| WRITE		| 0000001b	| 
                6821	| 00000002	| WRITE		| 00004d12	| 
                6941	| 00000001	| WRITE		| 0000001c	| 
                7061	| 00000002	| WRITE		| 00004d08	| 
                7181	| 00000001	| WRITE		| 0000001d	| 
                7301	| 00000002	| WRITE		| 00004cfe	| 
                7421	| 00000001	| WRITE		| 0000001e	| 
                7541	| 00000002	| WRITE		| 00004cf4	| 
                7661	| 00000001	| WRITE		| 0000001f	| 
                7781	| 00000002	| WRITE		| 00004cea	| 
                7901	| 00000001	| WRITE		| 00000020	| 
                8021	| 00000002	| WRITE		| 00004ce0	| 
                8141	| 00000001	| WRITE		| 00000021	| 
                8261	| 00000002	| WRITE		| 00004cd6	| 
                8381	| 00000001	| WRITE		| 00000022	| 
                8501	| 00000002	| WRITE		| 00004ccc	| 
                8621	| 00000001	| WRITE		| 00000023	| 
                8741	| 00000002	| WRITE		| 00004cc2	| 
                8861	| 00000001	| WRITE		| 00000024	| 
                8981	| 00000002	| WRITE		| 00004cb8	| 
                9101	| 00000001	| WRITE		| 00000025	| 
                9221	| 00000002	| WRITE		| 00004cae	| 
                9341	| 00000001	| WRITE		| 00000026	| 
                9461	| 00000002	| WRITE		| 00004ca4	| 
                9581	| 00000001	| WRITE		| 00000027	| 
                9701	| 00000002	| WRITE		| 00004c9a	| 
                9821	| 00000001	| WRITE		| 00000028	| 
                9941	| 00000002	| WRITE		| 00004c90	| 
               10061	| 00000001	| WRITE		| 00000029	| 
               10181	| 00000002	| WRITE		| 00004c86	| 
               10301	| 00000001	| WRITE		| 0000002a	| 
               10421	| 00000002	| WRITE		| 00004c7c	| 
               10541	| 00000001	| WRITE		| 0000002b	| 
               10661	| 00000002	| WRITE		| 00004c72	| 
               10781	| 00000001	| WRITE		| 0000002c	| 
               10901	| 00000002	| WRITE		| 00004c68	| 
               11021	| 00000001	| WRITE		| 0000002d	| 
               11141	| 00000002	| WRITE		| 00004c5e	| 
               11261	| 00000001	| WRITE		| 0000002e	| 
               11381	| 00000002	| WRITE		| 00004c54	| 
               11501	| 00000001	| WRITE		| 0000002f	| 
               11621	| 00000002	| WRITE		| 00004c4a	| 
               11741	| 00000001	| WRITE		| 00000030	| 
               11861	| 00000002	| WRITE		| 00004c40	| 
               11981	| 00000001	| WRITE		| 00000031	| 
               12101	| 00000002	| WRITE		| 00004c36	| 
               12221	| 00000001	| WRITE		| 00000032	| 
               12341	| 00000002	| WRITE		| 00004c2c	| 
               12461	| 00000001	| WRITE		| 00000033	| 
               12581	| 00000002	| WRITE		| 00004c22	| 
               12701	| 00000001	| WRITE		| 00000034	| 
               12821	| 00000002	| WRITE		| 00004c18	| 
               12941	| 00000001	| WRITE		| 00000035	| 
               13061	| 00000002	| WRITE		| 00004c0e	| 
               13181	| 00000001	| WRITE		| 00000036	| 
               13301	| 00000002	| WRITE		| 00004c04	| 
               13421	| 00000001	| WRITE		| 00000037	| 
               13541	| 00000002	| WRITE		| 00004bfa	| 
               13661	| 00000001	| WRITE		| 00000038	| 
               13781	| 00000002	| WRITE		| 00004bf0	| 
               13901	| 00000001	| WRITE		| 00000039	| 
               14021	| 00000002	| WRITE		| 00004be6	| 
               14141	| 00000001	| WRITE		| 0000003a	| 
               14261	| 00000002	| WRITE		| 00004bdc	| 
               14381	| 00000001	| WRITE		| 0000003b	| 
               14501	| 00000002	| WRITE		| 00004bd2	| 
               14621	| 00000001	| WRITE		| 0000003c	| 
               14741	| 00000002	| WRITE		| 00004bc8	| 
               14861	| 00000001	| WRITE		| 0000003d	| 
               14981	| 00000002	| WRITE		| 00004bbe	| 
               15101	| 00000001	| WRITE		| 0000003e	| 
               15221	| 00000002	| WRITE		| 00004bb4	| 
               15341	| 00000001	| WRITE		| 0000003f	| 
               15461	| 00000002	| WRITE		| 00004baa	| 
               15581	| 00000001	| WRITE		| 00000040	| 
               15701	| 00000002	| WRITE		| 00004ba0	| 
               15821	| 00000001	| WRITE		| 00000041	| 
               15941	| 00000002	| WRITE		| 00004b96	| 
               16061	| 00000001	| WRITE		| 00000042	| 
               16181	| 00000002	| WRITE		| 00004b8c	| 
               16301	| 00000001	| WRITE		| 00000043	| 
               16421	| 00000002	| WRITE		| 00004b82	| 
               16541	| 00000001	| WRITE		| 00000044	| 
               16661	| 00000002	| WRITE		| 00004b78	| 
               16781	| 00000001	| WRITE		| 00000045	| 
               16901	| 00000002	| WRITE		| 00004b6e	| 
               17021	| 00000001	| WRITE		| 00000046	| 
               17141	| 00000002	| WRITE		| 00004b64	| 
               17261	| 00000001	| WRITE		| 00000047	| 
               17381	| 00000002	| WRITE		| 00004b5a	| 
               17501	| 00000001	| WRITE		| 00000048	| 
               17621	| 00000002	| WRITE		| 00004b50	| 
               17741	| 00000001	| WRITE		| 00000049	| 
               17861	| 00000002	| WRITE		| 00004b46	| 
               17981	| 00000001	| WRITE		| 0000004a	| 
               18101	| 00000002	| WRITE		| 00004b3c	| 
               18221	| 00000001	| WRITE		| 0000004b	| 
               18341	| 00000002	| WRITE		| 00004b32	| 
               18461	| 00000001	| WRITE		| 0000004c	| 
               18581	| 00000002	| WRITE		| 00004b28	| 
               18701	| 00000001	| WRITE		| 0000004d	| 
               18821	| 00000002	| WRITE		| 00004b1e	| 
               18941	| 00000001	| WRITE		| 0000004e	| 
               19061	| 00000002	| WRITE		| 00004b14	| 
               19181	| 00000001	| WRITE		| 0000004f	| 
               19301	| 00000002	| WRITE		| 00004b0a	| 
               19421	| 00000001	| WRITE		| 00000050	| 
               19541	| 00000002	| WRITE		| 00004b00	| 
               19661	| 00000001	| WRITE		| 00000051	| 
               19781	| 00000002	| WRITE		| 00004af6	| 
               19901	| 00000001	| WRITE		| 00000052	| 
               20021	| 00000002	| WRITE		| 00004aec	| 
               20141	| 00000001	| WRITE		| 00000053	| 
               20261	| 00000002	| WRITE		| 00004ae2	| 
               20381	| 00000001	| WRITE		| 00000054	| 
               20501	| 00000002	| WRITE		| 00004ad8	| 
               20621	| 00000001	| WRITE		| 00000055	| 
               20741	| 00000002	| WRITE		| 00004ace	| 
               20861	| 00000001	| WRITE		| 00000056	| 
               20981	| 00000002	| WRITE		| 00004ac4	| 
               21101	| 00000001	| WRITE		| 00000057	| 
               21221	| 00000002	| WRITE		| 00004aba	| 
               21341	| 00000001	| WRITE		| 00000058	| 
               21461	| 00000002	| WRITE		| 00004ab0	| 
               21581	| 00000001	| WRITE		| 00000059	| 
               21701	| 00000002	| WRITE		| 00004aa6	| 
               21821	| 00000001	| WRITE		| 0000005a	| 
               21941	| 00000002	| WRITE		| 00004a9c	| 
               22061	| 00000001	| WRITE		| 0000005b	| 
               22181	| 00000002	| WRITE		| 00004a92	| 
               22301	| 00000001	| WRITE		| 0000005c	| 
               22421	| 00000002	| WRITE		| 00004a88	| 
               22541	| 00000001	| WRITE		| 0000005d	| 
               22661	| 00000002	| WRITE		| 00004a7e	| 
               22781	| 00000001	| WRITE		| 0000005e	| 
               22901	| 00000002	| WRITE		| 00004a74	| 
               23021	| 00000001	| WRITE		| 0000005f	| 
               23141	| 00000002	| WRITE		| 00004a6a	| 
               23261	| 00000001	| WRITE		| 00000060	| 
               23381	| 00000002	| WRITE		| 00004a60	| 
               23501	| 00000001	| WRITE		| 00000061	| 
               23621	| 00000002	| WRITE		| 00004a56	| 
               23741	| 00000001	| WRITE		| 00000062	| 
               23861	| 00000002	| WRITE		| 00004a4c	| 
               23981	| 00000001	| WRITE		| 00000063	| 
               24101	| 00000002	| WRITE		| 00004a42	| 
               24221	| 00000001	| WRITE		| 00000064	| 
               24341	| 00000002	| WRITE		| 00004a38	| 
               24461	| 00000001	| WRITE		| 00000065	| 
               24581	| 00000002	| WRITE		| 00004a2e	| 
               24701	| 00000001	| WRITE		| 00000066	| 
               24821	| 00000002	| WRITE		| 00004a24	| 
               24941	| 00000001	| WRITE		| 00000067	| 
               25061	| 00000002	| WRITE		| 00004a1a	| 
               25181	| 00000001	| WRITE		| 00000068	| 
               25301	| 00000002	| WRITE		| 00004a10	| 
               25421	| 00000001	| WRITE		| 00000069	| 
               25541	| 00000002	| WRITE		| 00004a06	| 
               25661	| 00000001	| WRITE		| 0000006a	| 
               25781	| 00000002	| WRITE		| 000049fc	| 
               25901	| 00000001	| WRITE		| 0000006b	| 
               26021	| 00000002	| WRITE		| 000049f2	| 
               26141	| 00000001	| WRITE		| 0000006c	| 
               26261	| 00000002	| WRITE		| 000049e8	| 
               26381	| 00000001	| WRITE		| 0000006d	| 
               26501	| 00000002	| WRITE		| 000049de	| 
               26621	| 00000001	| WRITE		| 0000006e	| 
               26741	| 00000002	| WRITE		| 000049d4	| 
               26861	| 00000001	| WRITE		| 0000006f	| 
               26981	| 00000002	| WRITE		| 000049ca	| 
               27101	| 00000001	| WRITE		| 00000070	| 
               27221	| 00000002	| WRITE		| 000049c0	| 
               27341	| 00000001	| WRITE		| 00000071	| 
               27461	| 00000002	| WRITE		| 000049b6	| 
               27581	| 00000001	| WRITE		| 00000072	| 
               27701	| 00000002	| WRITE		| 000049ac	| 
               27821	| 00000001	| WRITE		| 00000073	| 
               27941	| 00000002	| WRITE		| 000049a2	| 
               28061	| 00000001	| WRITE		| 00000074	| 
               28181	| 00000002	| WRITE		| 00004998	| 
               28301	| 00000001	| WRITE		| 00000075	| 
               28421	| 00000002	| WRITE		| 0000498e	| 
               28541	| 00000001	| WRITE		| 00000076	| 
               28661	| 00000002	| WRITE		| 00004984	| 
               28781	| 00000001	| WRITE		| 00000077	| 
               28901	| 00000002	| WRITE		| 0000497a	| 
               29021	| 00000001	| WRITE		| 00000078	| 
               29141	| 00000002	| WRITE		| 00004970	| 
               29261	| 00000001	| WRITE		| 00000079	| 
               29381	| 00000002	| WRITE		| 00004966	| 
               29501	| 00000001	| WRITE		| 0000007a	| 
               29621	| 00000002	| WRITE		| 0000495c	| 
               29741	| 00000001	| WRITE		| 0000007b	| 
               29861	| 00000002	| WRITE		| 00004952	| 
               29981	| 00000001	| WRITE		| 0000007c	| 
               30101	| 00000002	| WRITE		| 00004948	| 
               30221	| 00000001	| WRITE		| 0000007d	| 
               30341	| 00000002	| WRITE		| 0000493e	| 
               30461	| 00000001	| WRITE		| 0000007e	| 
               30581	| 00000002	| WRITE		| 00004934	| 
               30701	| 00000001	| WRITE		| 0000007f	| 
               30821	| 00000002	| WRITE		| 0000492a	| 
               30941	| 00000001	| WRITE		| 00000080	| 
               31061	| 00000002	| WRITE		| 00004920	| 
               31181	| 00000001	| WRITE		| 00000081	| 
               31301	| 00000002	| WRITE		| 00004916	| 
               31421	| 00000001	| WRITE		| 00000082	| 
               31541	| 00000002	| WRITE		| 0000490c	| 
               31661	| 00000001	| WRITE		| 00000083	| 
               31781	| 00000002	| WRITE		| 00004902	| 
               31901	| 00000001	| WRITE		| 00000084	| 
               32021	| 00000002	| WRITE		| 000048f8	| 
               32141	| 00000001	| WRITE		| 00000085	| 
               32261	| 00000002	| WRITE		| 000048ee	| 
               32381	| 00000001	| WRITE		| 00000086	| 
               32501	| 00000002	| WRITE		| 000048e4	| 
               32621	| 00000001	| WRITE		| 00000087	| 
               32741	| 00000002	| WRITE		| 000048da	| 
               32861	| 00000001	| WRITE		| 00000088	| 
               32981	| 00000002	| WRITE		| 000048d0	| 
               33101	| 00000001	| WRITE		| 00000089	| 
               33221	| 00000002	| WRITE		| 000048c6	| 
               33341	| 00000001	| WRITE		| 0000008a	| 
               33461	| 00000002	| WRITE		| 000048bc	| 
               33581	| 00000001	| WRITE		| 0000008b	| 
               33701	| 00000002	| WRITE		| 000048b2	| 
               33821	| 00000001	| WRITE		| 0000008c	| 
               33941	| 00000002	| WRITE		| 000048a8	| 
               34061	| 00000001	| WRITE		| 0000008d	| 
               34181	| 00000002	| WRITE		| 0000489e	| 
               34301	| 00000001	| WRITE		| 0000008e	| 
               34421	| 00000002	| WRITE		| 00004894	| 
               34541	| 00000001	| WRITE		| 0000008f	| 
               34661	| 00000002	| WRITE		| 0000488a	| 
               34781	| 00000001	| WRITE		| 00000090	| 
               34901	| 00000002	| WRITE		| 00004880	| 
               35021	| 00000001	| WRITE		| 00000091	| 
               35141	| 00000002	| WRITE		| 00004876	| 
               35261	| 00000001	| WRITE		| 00000092	| 
               35381	| 00000002	| WRITE		| 0000486c	| 
               35501	| 00000001	| WRITE		| 00000093	| 
               35621	| 00000002	| WRITE		| 00004862	| 
               35741	| 00000001	| WRITE		| 00000094	| 
               35861	| 00000002	| WRITE		| 00004858	| 
               35981	| 00000001	| WRITE		| 00000095	| 
               36101	| 00000002	| WRITE		| 0000484e	| 
               36221	| 00000001	| WRITE		| 00000096	| 
               36341	| 00000002	| WRITE		| 00004844	| 
               36461	| 00000001	| WRITE		| 00000097	| 
               36581	| 00000002	| WRITE		| 0000483a	| 
               36701	| 00000001	| WRITE		| 00000098	| 
               36821	| 00000002	| WRITE		| 00004830	| 
               36941	| 00000001	| WRITE		| 00000099	| 
               37061	| 00000002	| WRITE		| 00004826	| 
               37181	| 00000001	| WRITE		| 0000009a	| 
               37301	| 00000002	| WRITE		| 0000481c	| 
               37421	| 00000001	| WRITE		| 0000009b	| 
               37541	| 00000002	| WRITE		| 00004812	| 
               37661	| 00000001	| WRITE		| 0000009c	| 
               37781	| 00000002	| WRITE		| 00004808	| 
               37901	| 00000001	| WRITE		| 0000009d	| 
               38021	| 00000002	| WRITE		| 000047fe	| 
               38141	| 00000001	| WRITE		| 0000009e	| 
               38261	| 00000002	| WRITE		| 000047f4	| 
               38381	| 00000001	| WRITE		| 0000009f	| 
               38501	| 00000002	| WRITE		| 000047ea	| 
               38621	| 00000001	| WRITE		| 000000a0	| 
               38741	| 00000002	| WRITE		| 000047e0	| 
               38861	| 00000001	| WRITE		| 000000a1	| 
               38981	| 00000002	| WRITE		| 000047d6	| 
               39101	| 00000001	| WRITE		| 000000a2	| 
               39221	| 00000002	| WRITE		| 000047cc	| 
               39341	| 00000001	| WRITE		| 000000a3	| 
               39461	| 00000002	| WRITE		| 000047c2	| 
               39581	| 00000001	| WRITE		| 000000a4	| 
               39701	| 00000002	| WRITE		| 000047b8	| 
               39821	| 00000001	| WRITE		| 000000a5	| 
               39941	| 00000002	| WRITE		| 000047ae	| 
               40061	| 00000001	| WRITE		| 000000a6	| 
               40181	| 00000002	| WRITE		| 000047a4	| 
               40301	| 00000001	| WRITE		| 000000a7	| 
               40421	| 00000002	| WRITE		| 0000479a	| 
               40541	| 00000001	| WRITE		| 000000a8	| 
               40661	| 00000002	| WRITE		| 00004790	| 
               40781	| 00000001	| WRITE		| 000000a9	| 
               40901	| 00000002	| WRITE		| 00004786	| 
               41021	| 00000001	| WRITE		| 000000aa	| 
               41141	| 00000002	| WRITE		| 0000477c	| 
               41261	| 00000001	| WRITE		| 000000ab	| 
               41381	| 00000002	| WRITE		| 00004772	| 
               41501	| 00000001	| WRITE		| 000000ac	| 
               41621	| 00000002	| WRITE		| 00004768	| 
               41741	| 00000001	| WRITE		| 000000ad	| 
               41861	| 00000002	| WRITE		| 0000475e	| 
               41981	| 00000001	| WRITE		| 000000ae	| 
               42101	| 00000002	| WRITE		| 00004754	| 
               42221	| 00000001	| WRITE		| 000000af	| 
               42341	| 00000002	| WRITE		| 0000474a	| 
               42461	| 00000001	| WRITE		| 000000b0	| 
               42581	| 00000002	| WRITE		| 00004740	| 
               42701	| 00000001	| WRITE		| 000000b1	| 
               42821	| 00000002	| WRITE		| 00004736	| 
               42941	| 00000001	| WRITE		| 000000b2	| 
               43061	| 00000002	| WRITE		| 0000472c	| 
               43181	| 00000001	| WRITE		| 000000b3	| 
               43301	| 00000002	| WRITE		| 00004722	| 
               43421	| 00000001	| WRITE		| 000000b4	| 
               43541	| 00000002	| WRITE		| 00004718	| 
               43661	| 00000001	| WRITE		| 000000b5	| 
               43781	| 00000002	| WRITE		| 0000470e	| 
               43901	| 00000001	| WRITE		| 000000b6	| 
               44021	| 00000002	| WRITE		| 00004704	| 
               44141	| 00000001	| WRITE		| 000000b7	| 
               44261	| 00000002	| WRITE		| 000046fa	| 
               44381	| 00000001	| WRITE		| 000000b8	| 
               44501	| 00000002	| WRITE		| 000046f0	| 
               44621	| 00000001	| WRITE		| 000000b9	| 
               44741	| 00000002	| WRITE		| 000046e6	| 
               44861	| 00000001	| WRITE		| 000000ba	| 
               44981	| 00000002	| WRITE		| 000046dc	| 
               45101	| 00000001	| WRITE		| 000000bb	| 
               45221	| 00000002	| WRITE		| 000046d2	| 
               45341	| 00000001	| WRITE		| 000000bc	| 
               45461	| 00000002	| WRITE		| 000046c8	| 
               45581	| 00000001	| WRITE		| 000000bd	| 
               45701	| 00000002	| WRITE		| 000046be	| 
               45821	| 00000001	| WRITE		| 000000be	| 
               45941	| 00000002	| WRITE		| 000046b4	| 
               46061	| 00000001	| WRITE		| 000000bf	| 
               46181	| 00000002	| WRITE		| 000046aa	| 
               46301	| 00000001	| WRITE		| 000000c0	| 
               46421	| 00000002	| WRITE		| 000046a0	| 
               46541	| 00000001	| WRITE		| 000000c1	| 
               46661	| 00000002	| WRITE		| 00004696	| 
               46781	| 00000001	| WRITE		| 000000c2	| 
               46901	| 00000002	| WRITE		| 0000468c	| 
               47021	| 00000001	| WRITE		| 000000c3	| 
               47141	| 00000002	| WRITE		| 00004682	| 
               47261	| 00000001	| WRITE		| 000000c4	| 
               47381	| 00000002	| WRITE		| 00004678	| 
               47501	| 00000001	| WRITE		| 000000c5	| 
               47621	| 00000002	| WRITE		| 0000466e	| 
               47741	| 00000001	| WRITE		| 000000c6	| 
               47861	| 00000002	| WRITE		| 00004664	| 
               47981	| 00000001	| WRITE		| 000000c7	| 
               48101	| 00000002	| WRITE		| 0000465a	| 
               48221	| 00000001	| WRITE		| 000000c8	| 
               48341	| 00000002	| WRITE		| 00004650	| 
               48461	| 00000001	| WRITE		| 000000c9	| 
               48581	| 00000002	| WRITE		| 00004646	| 
               48701	| 00000001	| WRITE		| 000000ca	| 
               48821	| 00000002	| WRITE		| 0000463c	| 
               48941	| 00000001	| WRITE		| 000000cb	| 
               49061	| 00000002	| WRITE		| 00004632	| 
               49181	| 00000001	| WRITE		| 000000cc	| 
               49301	| 00000002	| WRITE		| 00004628	| 
               49421	| 00000001	| WRITE		| 000000cd	| 
               49541	| 00000002	| WRITE		| 0000461e	| 
               49661	| 00000001	| WRITE		| 000000ce	| 
               49781	| 00000002	| WRITE		| 00004614	| 
               49901	| 00000001	| WRITE		| 000000cf	| 
               50021	| 00000002	| WRITE		| 0000460a	| 
               50141	| 00000001	| WRITE		| 000000d0	| 
               50261	| 00000002	| WRITE		| 00004600	| 
               50381	| 00000001	| WRITE		| 000000d1	| 
               50501	| 00000002	| WRITE		| 000045f6	| 
               50621	| 00000001	| WRITE		| 000000d2	| 
               50741	| 00000002	| WRITE		| 000045ec	| 
               50861	| 00000001	| WRITE		| 000000d3	| 
               50981	| 00000002	| WRITE		| 000045e2	| 
               51101	| 00000001	| WRITE		| 000000d4	| 
               51221	| 00000002	| WRITE		| 000045d8	| 
               51341	| 00000001	| WRITE		| 000000d5	| 
               51461	| 00000002	| WRITE		| 000045ce	| 
               51581	| 00000001	| WRITE		| 000000d6	| 
               51701	| 00000002	| WRITE		| 000045c4	| 
               51821	| 00000001	| WRITE		| 000000d7	| 
               51941	| 00000002	| WRITE		| 000045ba	| 
               52061	| 00000001	| WRITE		| 000000d8	| 
               52181	| 00000002	| WRITE		| 000045b0	| 
               52301	| 00000001	| WRITE		| 000000d9	| 
               52421	| 00000002	| WRITE		| 000045a6	| 
               52541	| 00000001	| WRITE		| 000000da	| 
               52661	| 00000002	| WRITE		| 0000459c	| 
               52781	| 00000001	| WRITE		| 000000db	| 
               52901	| 00000002	| WRITE		| 00004592	| 
               53021	| 00000001	| WRITE		| 000000dc	| 
               53141	| 00000002	| WRITE		| 00004588	| 
               53261	| 00000001	| WRITE		| 000000dd	| 
               53381	| 00000002	| WRITE		| 0000457e	| 
               53501	| 00000001	| WRITE		| 000000de	| 
               53621	| 00000002	| WRITE		| 00004574	| 
               53741	| 00000001	| WRITE		| 000000df	| 
               53861	| 00000002	| WRITE		| 0000456a	| 
               53981	| 00000001	| WRITE		| 000000e0	| 
               54101	| 00000002	| WRITE		| 00004560	| 
               54221	| 00000001	| WRITE		| 000000e1	| 
               54341	| 00000002	| WRITE		| 00004556	| 
               54461	| 00000001	| WRITE		| 000000e2	| 
               54581	| 00000002	| WRITE		| 0000454c	| 
               54701	| 00000001	| WRITE		| 000000e3	| 
               54821	| 00000002	| WRITE		| 00004542	| 
               54941	| 00000001	| WRITE		| 000000e4	| 
               55061	| 00000002	| WRITE		| 00004538	| 
               55181	| 00000001	| WRITE		| 000000e5	| 
               55301	| 00000002	| WRITE		| 0000452e	| 
               55421	| 00000001	| WRITE		| 000000e6	| 
               55541	| 00000002	| WRITE		| 00004524	| 
               55661	| 00000001	| WRITE		| 000000e7	| 
               55781	| 00000002	| WRITE		| 0000451a	| 
               55901	| 00000001	| WRITE		| 000000e8	| 
               56021	| 00000002	| WRITE		| 00004510	| 
               56141	| 00000001	| WRITE		| 000000e9	| 
               56261	| 00000002	| WRITE		| 00004506	| 
               56381	| 00000001	| WRITE		| 000000ea	| 
               56501	| 00000002	| WRITE		| 000044fc	| 
               56621	| 00000001	| WRITE		| 000000eb	| 
               56741	| 00000002	| WRITE		| 000044f2	| 
               56861	| 00000001	| WRITE		| 000000ec	| 
               56981	| 00000002	| WRITE		| 000044e8	| 
               57101	| 00000001	| WRITE		| 000000ed	| 
               57221	| 00000002	| WRITE		| 000044de	| 
               57341	| 00000001	| WRITE		| 000000ee	| 
               57461	| 00000002	| WRITE		| 000044d4	| 
               57581	| 00000001	| WRITE		| 000000ef	| 
               57701	| 00000002	| WRITE		| 000044ca	| 
               57821	| 00000001	| WRITE		| 000000f0	| 
               57941	| 00000002	| WRITE		| 000044c0	| 
               58061	| 00000001	| WRITE		| 000000f1	| 
               58181	| 00000002	| WRITE		| 000044b6	| 
               58301	| 00000001	| WRITE		| 000000f2	| 
               58421	| 00000002	| WRITE		| 000044ac	| 
               58541	| 00000001	| WRITE		| 000000f3	| 
               58661	| 00000002	| WRITE		| 000044a2	| 
               58781	| 00000001	| WRITE		| 000000f4	| 
               58901	| 00000002	| WRITE		| 00004498	| 
               59021	| 00000001	| WRITE		| 000000f5	| 
               59141	| 00000002	| WRITE		| 0000448e	| 
               59261	| 00000001	| WRITE		| 000000f6	| 
               59381	| 00000002	| WRITE		| 00004484	| 
               59501	| 00000001	| WRITE		| 000000f7	| 
               59621	| 00000002	| WRITE		| 0000447a	| 
               59741	| 00000001	| WRITE		| 000000f8	| 
               59861	| 00000002	| WRITE		| 00004470	| 
               59981	| 00000001	| WRITE		| 000000f9	| 
               60101	| 00000002	| WRITE		| 00004466	| 
               60221	| 00000001	| WRITE		| 000000fa	| 
               60341	| 00000002	| WRITE		| 0000445c	| 
               60461	| 00000001	| WRITE		| 000000fb	| 
               60581	| 00000002	| WRITE		| 00004452	| 
               60701	| 00000001	| WRITE		| 000000fc	| 
               60821	| 00000002	| WRITE		| 00004448	| 
               60941	| 00000001	| WRITE		| 000000fd	| 
               61061	| 00000002	| WRITE		| 0000443e	| 
               61181	| 00000001	| WRITE		| 000000fe	| 
               61301	| 00000002	| WRITE		| 00004434	| 
               61421	| 00000001	| WRITE		| 000000ff	| 
               61541	| 00000002	| WRITE		| 0000442a	| 
               61661	| 00000001	| WRITE		| 00000100	| 
               61781	| 00000002	| WRITE		| 00004420	| 
               61901	| 00000001	| WRITE		| 00000101	| 
               62021	| 00000002	| WRITE		| 00004416	| 
               62141	| 00000001	| WRITE		| 00000102	| 
               62261	| 00000002	| WRITE		| 0000440c	| 
               62381	| 00000001	| WRITE		| 00000103	| 
               62501	| 00000002	| WRITE		| 00004402	| 
               62621	| 00000001	| WRITE		| 00000104	| 
               62741	| 00000002	| WRITE		| 000043f8	| 
               62861	| 00000001	| WRITE		| 00000105	| 
               62981	| 00000002	| WRITE		| 000043ee	| 
               63101	| 00000001	| WRITE		| 00000106	| 
               63221	| 00000002	| WRITE		| 000043e4	| 
               63341	| 00000001	| WRITE		| 00000107	| 
               63461	| 00000002	| WRITE		| 000043da	| 
               63581	| 00000001	| WRITE		| 00000108	| 
               63701	| 00000002	| WRITE		| 000043d0	| 
               63821	| 00000001	| WRITE		| 00000109	| 
               63941	| 00000002	| WRITE		| 000043c6	| 
               64061	| 00000001	| WRITE		| 0000010a	| 
               64181	| 00000002	| WRITE		| 000043bc	| 
               64301	| 00000001	| WRITE		| 0000010b	| 
               64421	| 00000002	| WRITE		| 000043b2	| 
               64541	| 00000001	| WRITE		| 0000010c	| 
               64661	| 00000002	| WRITE		| 000043a8	| 
               64781	| 00000001	| WRITE		| 0000010d	| 
               64901	| 00000002	| WRITE		| 0000439e	| 
               65021	| 00000001	| WRITE		| 0000010e	| 
               65141	| 00000002	| WRITE		| 00004394	| 
               65261	| 00000001	| WRITE		| 0000010f	| 
               65381	| 00000002	| WRITE		| 0000438a	| 
               65501	| 00000001	| WRITE		| 00000110	| 
               65621	| 00000002	| WRITE		| 00004380	| 
               65741	| 00000001	| WRITE		| 00000111	| 
               65861	| 00000002	| WRITE		| 00004376	| 
               65981	| 00000001	| WRITE		| 00000112	| 
               66101	| 00000002	| WRITE		| 0000436c	| 
               66221	| 00000001	| WRITE		| 00000113	| 
               66341	| 00000002	| WRITE		| 00004362	| 
               66461	| 00000001	| WRITE		| 00000114	| 
               66581	| 00000002	| WRITE		| 00004358	| 
               66701	| 00000001	| WRITE		| 00000115	| 
               66821	| 00000002	| WRITE		| 0000434e	| 
               66941	| 00000001	| WRITE		| 00000116	| 
               67061	| 00000002	| WRITE		| 00004344	| 
               67181	| 00000001	| WRITE		| 00000117	| 
               67301	| 00000002	| WRITE		| 0000433a	| 
               67421	| 00000001	| WRITE		| 00000118	| 
               67541	| 00000002	| WRITE		| 00004330	| 
               67661	| 00000001	| WRITE		| 00000119	| 
               67781	| 00000002	| WRITE		| 00004326	| 
               67901	| 00000001	| WRITE		| 0000011a	| 
               68021	| 00000002	| WRITE		| 0000431c	| 
               68141	| 00000001	| WRITE		| 0000011b	| 
               68261	| 00000002	| WRITE		| 00004312	| 
               68381	| 00000001	| WRITE		| 0000011c	| 
               68501	| 00000002	| WRITE		| 00004308	| 
               68621	| 00000001	| WRITE		| 0000011d	| 
               68741	| 00000002	| WRITE		| 000042fe	| 
               68861	| 00000001	| WRITE		| 0000011e	| 
               68981	| 00000002	| WRITE		| 000042f4	| 
               69101	| 00000001	| WRITE		| 0000011f	| 
               69221	| 00000002	| WRITE		| 000042ea	| 
               69341	| 00000001	| WRITE		| 00000120	| 
               69461	| 00000002	| WRITE		| 000042e0	| 
               69581	| 00000001	| WRITE		| 00000121	| 
               69701	| 00000002	| WRITE		| 000042d6	| 
               69821	| 00000001	| WRITE		| 00000122	| 
               69941	| 00000002	| WRITE		| 000042cc	| 
               70061	| 00000001	| WRITE		| 00000123	| 
               70181	| 00000002	| WRITE		| 000042c2	| 
               70301	| 00000001	| WRITE		| 00000124	| 
               70421	| 00000002	| WRITE		| 000042b8	| 
               70541	| 00000001	| WRITE		| 00000125	| 
               70661	| 00000002	| WRITE		| 000042ae	| 
               70781	| 00000001	| WRITE		| 00000126	| 
               70901	| 00000002	| WRITE		| 000042a4	| 
               71021	| 00000001	| WRITE		| 00000127	| 
               71141	| 00000002	| WRITE		| 0000429a	| 
               71261	| 00000001	| WRITE		| 00000128	| 
               71381	| 00000002	| WRITE		| 00004290	| 
               71501	| 00000001	| WRITE		| 00000129	| 
               71621	| 00000002	| WRITE		| 00004286	| 
               71741	| 00000001	| WRITE		| 0000012a	| 
               71861	| 00000002	| WRITE		| 0000427c	| 
               71981	| 00000001	| WRITE		| 0000012b	| 
               72101	| 00000002	| WRITE		| 00004272	| 
               72221	| 00000001	| WRITE		| 0000012c	| 
               72341	| 00000002	| WRITE		| 00004268	| 
               72461	| 00000001	| WRITE		| 0000012d	| 
               72581	| 00000002	| WRITE		| 0000425e	| 
               72701	| 00000001	| WRITE		| 0000012e	| 
               72821	| 00000002	| WRITE		| 00004254	| 
               72941	| 00000001	| WRITE		| 0000012f	| 
               73061	| 00000002	| WRITE		| 0000424a	| 
               73181	| 00000001	| WRITE		| 00000130	| 
               73301	| 00000002	| WRITE		| 00004240	| 
               73421	| 00000001	| WRITE		| 00000131	| 
               73541	| 00000002	| WRITE		| 00004236	| 
               73661	| 00000001	| WRITE		| 00000132	| 
               73781	| 00000002	| WRITE		| 0000422c	| 
               73901	| 00000001	| WRITE		| 00000133	| 
               74021	| 00000002	| WRITE		| 00004222	| 
               74141	| 00000001	| WRITE		| 00000134	| 
               74261	| 00000002	| WRITE		| 00004218	| 
               74381	| 00000001	| WRITE		| 00000135	| 
               74501	| 00000002	| WRITE		| 0000420e	| 
               74621	| 00000001	| WRITE		| 00000136	| 
               74741	| 00000002	| WRITE		| 00004204	| 
               74861	| 00000001	| WRITE		| 00000137	| 
               74981	| 00000002	| WRITE		| 000041fa	| 
               75101	| 00000001	| WRITE		| 00000138	| 
               75221	| 00000002	| WRITE		| 000041f0	| 
               75341	| 00000001	| WRITE		| 00000139	| 
               75461	| 00000002	| WRITE		| 000041e6	| 
               75581	| 00000001	| WRITE		| 0000013a	| 
               75701	| 00000002	| WRITE		| 000041dc	| 
               75821	| 00000001	| WRITE		| 0000013b	| 
               75941	| 00000002	| WRITE		| 000041d2	| 
               76061	| 00000001	| WRITE		| 0000013c	| 
               76181	| 00000002	| WRITE		| 000041c8	| 
               76301	| 00000001	| WRITE		| 0000013d	| 
               76421	| 00000002	| WRITE		| 000041be	| 
               76541	| 00000001	| WRITE		| 0000013e	| 
               76661	| 00000002	| WRITE		| 000041b4	| 
               76781	| 00000001	| WRITE		| 0000013f	| 
               76901	| 00000002	| WRITE		| 000041aa	| 
               77021	| 00000001	| WRITE		| 00000140	| 
               77141	| 00000002	| WRITE		| 000041a0	| 
               77261	| 00000001	| WRITE		| 00000141	| 
               77381	| 00000002	| WRITE		| 00004196	| 
               77501	| 00000001	| WRITE		| 00000142	| 
               77621	| 00000002	| WRITE		| 0000418c	| 
               77741	| 00000001	| WRITE		| 00000143	| 
               77861	| 00000002	| WRITE		| 00004182	| 
               77981	| 00000001	| WRITE		| 00000144	| 
               78101	| 00000002	| WRITE		| 00004178	| 
               78221	| 00000001	| WRITE		| 00000145	| 
               78341	| 00000002	| WRITE		| 0000416e	| 
               78461	| 00000001	| WRITE		| 00000146	| 
               78581	| 00000002	| WRITE		| 00004164	| 
               78701	| 00000001	| WRITE		| 00000147	| 
               78821	| 00000002	| WRITE		| 0000415a	| 
               78941	| 00000001	| WRITE		| 00000148	| 
               79061	| 00000002	| WRITE		| 00004150	| 
               79181	| 00000001	| WRITE		| 00000149	| 
               79301	| 00000002	| WRITE		| 00004146	| 
               79421	| 00000001	| WRITE		| 0000014a	| 
               79541	| 00000002	| WRITE		| 0000413c	| 
               79661	| 00000001	| WRITE		| 0000014b	| 
               79781	| 00000002	| WRITE		| 00004132	| 
               79901	| 00000001	| WRITE		| 0000014c	| 
               80021	| 00000002	| WRITE		| 00004128	| 
               80141	| 00000001	| WRITE		| 0000014d	| 
               80261	| 00000002	| WRITE		| 0000411e	| 
               80381	| 00000001	| WRITE		| 0000014e	| 
               80501	| 00000002	| WRITE		| 00004114	| 
               80621	| 00000001	| WRITE		| 0000014f	| 
               80741	| 00000002	| WRITE		| 0000410a	| 
               80861	| 00000001	| WRITE		| 00000150	| 
               80981	| 00000002	| WRITE		| 00004100	| 
               81101	| 00000001	| WRITE		| 00000151	| 
               81221	| 00000002	| WRITE		| 000040f6	| 
               81341	| 00000001	| WRITE		| 00000152	| 
               81461	| 00000002	| WRITE		| 000040ec	| 
               81581	| 00000001	| WRITE		| 00000153	| 
               81701	| 00000002	| WRITE		| 000040e2	| 
               81821	| 00000001	| WRITE		| 00000154	| 
               81941	| 00000002	| WRITE		| 000040d8	| 
               82061	| 00000001	| WRITE		| 00000155	| 
               82181	| 00000002	| WRITE		| 000040ce	| 
               82301	| 00000001	| WRITE		| 00000156	| 
               82421	| 00000002	| WRITE		| 000040c4	| 
               82541	| 00000001	| WRITE		| 00000157	| 
               82661	| 00000002	| WRITE		| 000040ba	| 
               82781	| 00000001	| WRITE		| 00000158	| 
               82901	| 00000002	| WRITE		| 000040b0	| 
               83021	| 00000001	| WRITE		| 00000159	| 
               83141	| 00000002	| WRITE		| 000040a6	| 
               83261	| 00000001	| WRITE		| 0000015a	| 
               83381	| 00000002	| WRITE		| 0000409c	| 
               83501	| 00000001	| WRITE		| 0000015b	| 
               83621	| 00000002	| WRITE		| 00004092	| 
               83741	| 00000001	| WRITE		| 0000015c	| 
               83861	| 00000002	| WRITE		| 00004088	| 
               83981	| 00000001	| WRITE		| 0000015d	| 
               84101	| 00000002	| WRITE		| 0000407e	| 
               84221	| 00000001	| WRITE		| 0000015e	| 
               84341	| 00000002	| WRITE		| 00004074	| 
               84461	| 00000001	| WRITE		| 0000015f	| 
               84581	| 00000002	| WRITE		| 0000406a	| 
               84701	| 00000001	| WRITE		| 00000160	| 
               84821	| 00000002	| WRITE		| 00004060	| 
               84941	| 00000001	| WRITE		| 00000161	| 
               85061	| 00000002	| WRITE		| 00004056	| 
               85181	| 00000001	| WRITE		| 00000162	| 
               85301	| 00000002	| WRITE		| 0000404c	| 
               85421	| 00000001	| WRITE		| 00000163	| 
               85541	| 00000002	| WRITE		| 00004042	| 
               85661	| 00000001	| WRITE		| 00000164	| 
               85781	| 00000002	| WRITE		| 00004038	| 
               85901	| 00000001	| WRITE		| 00000165	| 
               86021	| 00000002	| WRITE		| 0000402e	| 
               86141	| 00000001	| WRITE		| 00000166	| 
               86261	| 00000002	| WRITE		| 00004024	| 
               86381	| 00000001	| WRITE		| 00000167	| 
               86501	| 00000002	| WRITE		| 0000401a	| 
               86621	| 00000001	| WRITE		| 00000168	| 
               86741	| 00000002	| WRITE		| 00004010	| 
               86861	| 00000001	| WRITE		| 00000169	| 
               86981	| 00000002	| WRITE		| 00004006	| 
               87101	| 00000001	| WRITE		| 0000016a	| 
               87221	| 00000002	| WRITE		| 00003ffc	| 
               87341	| 00000001	| WRITE		| 0000016b	| 
               87461	| 00000002	| WRITE		| 00003ff2	| 
               87581	| 00000001	| WRITE		| 0000016c	| 
               87701	| 00000002	| WRITE		| 00003fe8	| 
               87821	| 00000001	| WRITE		| 0000016d	| 
               87941	| 00000002	| WRITE		| 00003fde	| 
               88061	| 00000001	| WRITE		| 0000016e	| 
               88181	| 00000002	| WRITE		| 00003fd4	| 
               88301	| 00000001	| WRITE		| 0000016f	| 
               88421	| 00000002	| WRITE		| 00003fca	| 
               88541	| 00000001	| WRITE		| 00000170	| 
               88661	| 00000002	| WRITE		| 00003fc0	| 
               88781	| 00000001	| WRITE		| 00000171	| 
               88901	| 00000002	| WRITE		| 00003fb6	| 
               89021	| 00000001	| WRITE		| 00000172	| 
               89141	| 00000002	| WRITE		| 00003fac	| 
               89261	| 00000001	| WRITE		| 00000173	| 
               89381	| 00000002	| WRITE		| 00003fa2	| 
               89501	| 00000001	| WRITE		| 00000174	| 
               89621	| 00000002	| WRITE		| 00003f98	| 
               89741	| 00000001	| WRITE		| 00000175	| 
               89861	| 00000002	| WRITE		| 00003f8e	| 
               89981	| 00000001	| WRITE		| 00000176	| 
               90101	| 00000002	| WRITE		| 00003f84	| 
               90221	| 00000001	| WRITE		| 00000177	| 
               90341	| 00000002	| WRITE		| 00003f7a	| 
               90461	| 00000001	| WRITE		| 00000178	| 
               90581	| 00000002	| WRITE		| 00003f70	| 
               90701	| 00000001	| WRITE		| 00000179	| 
               90821	| 00000002	| WRITE		| 00003f66	| 
               90941	| 00000001	| WRITE		| 0000017a	| 
               91061	| 00000002	| WRITE		| 00003f5c	| 
               91181	| 00000001	| WRITE		| 0000017b	| 
               91301	| 00000002	| WRITE		| 00003f52	| 
               91421	| 00000001	| WRITE		| 0000017c	| 
               91541	| 00000002	| WRITE		| 00003f48	| 
               91661	| 00000001	| WRITE		| 0000017d	| 
               91781	| 00000002	| WRITE		| 00003f3e	| 
               91901	| 00000001	| WRITE		| 0000017e	| 
               92021	| 00000002	| WRITE		| 00003f34	| 
               92141	| 00000001	| WRITE		| 0000017f	| 
               92261	| 00000002	| WRITE		| 00003f2a	| 
               92381	| 00000001	| WRITE		| 00000180	| 
               92501	| 00000002	| WRITE		| 00003f20	| 
               92621	| 00000001	| WRITE		| 00000181	| 
               92741	| 00000002	| WRITE		| 00003f16	| 
               92861	| 00000001	| WRITE		| 00000182	| 
               92981	| 00000002	| WRITE		| 00003f0c	| 
               93101	| 00000001	| WRITE		| 00000183	| 
               93221	| 00000002	| WRITE		| 00003f02	| 
               93341	| 00000001	| WRITE		| 00000184	| 
               93461	| 00000002	| WRITE		| 00003ef8	| 
               93581	| 00000001	| WRITE		| 00000185	| 
               93701	| 00000002	| WRITE		| 00003eee	| 
               93821	| 00000001	| WRITE		| 00000186	| 
               93941	| 00000002	| WRITE		| 00003ee4	| 
               94061	| 00000001	| WRITE		| 00000187	| 
               94181	| 00000002	| WRITE		| 00003eda	| 
               94301	| 00000001	| WRITE		| 00000188	| 
               94421	| 00000002	| WRITE		| 00003ed0	| 
               94541	| 00000001	| WRITE		| 00000189	| 
               94661	| 00000002	| WRITE		| 00003ec6	| 
               94781	| 00000001	| WRITE		| 0000018a	| 
               94901	| 00000002	| WRITE		| 00003ebc	| 
               95021	| 00000001	| WRITE		| 0000018b	| 
               95141	| 00000002	| WRITE		| 00003eb2	| 
               95261	| 00000001	| WRITE		| 0000018c	| 
               95381	| 00000002	| WRITE		| 00003ea8	| 
               95501	| 00000001	| WRITE		| 0000018d	| 
               95621	| 00000002	| WRITE		| 00003e9e	| 
               95741	| 00000001	| WRITE		| 0000018e	| 
               95861	| 00000002	| WRITE		| 00003e94	| 
               95981	| 00000001	| WRITE		| 0000018f	| 
               96101	| 00000002	| WRITE		| 00003e8a	| 
               96221	| 00000001	| WRITE		| 00000190	| 
               96341	| 00000002	| WRITE		| 00003e80	| 
               96461	| 00000001	| WRITE		| 00000191	| 
               96581	| 00000002	| WRITE		| 00003e76	| 
               96701	| 00000001	| WRITE		| 00000192	| 
               96821	| 00000002	| WRITE		| 00003e6c	| 
               96941	| 00000001	| WRITE		| 00000193	| 
               97061	| 00000002	| WRITE		| 00003e62	| 
               97181	| 00000001	| WRITE		| 00000194	| 
               97301	| 00000002	| WRITE		| 00003e58	| 
               97421	| 00000001	| WRITE		| 00000195	| 
               97541	| 00000002	| WRITE		| 00003e4e	| 
               97661	| 00000001	| WRITE		| 00000196	| 
               97781	| 00000002	| WRITE		| 00003e44	| 
               97901	| 00000001	| WRITE		| 00000197	| 
               98021	| 00000002	| WRITE		| 00003e3a	| 
               98141	| 00000001	| WRITE		| 00000198	| 
               98261	| 00000002	| WRITE		| 00003e30	| 
               98381	| 00000001	| WRITE		| 00000199	| 
               98501	| 00000002	| WRITE		| 00003e26	| 
               98621	| 00000001	| WRITE		| 0000019a	| 
               98741	| 00000002	| WRITE		| 00003e1c	| 
               98861	| 00000001	| WRITE		| 0000019b	| 
               98981	| 00000002	| WRITE		| 00003e12	| 
               99101	| 00000001	| WRITE		| 0000019c	| 
               99221	| 00000002	| WRITE		| 00003e08	| 
               99341	| 00000001	| WRITE		| 0000019d	| 
               99461	| 00000002	| WRITE		| 00003dfe	| 
               99581	| 00000001	| WRITE		| 0000019e	| 
               99701	| 00000002	| WRITE		| 00003df4	| 
               99821	| 00000001	| WRITE		| 0000019f	| 
               99941	| 00000002	| WRITE		| 00003dea	| 
